2025-06-25T21:17:36.011-03:00  INFO 25848 --- [libraryapi] [main] i.g.g.l.LibraryapiApplicationTests       : Starting LibraryapiApplicationTests using Java 21.0.2 with PID 25848 (started by Giovana in C:\JavaProjects\libraryapi)
2025-06-25T21:17:36.012-03:00 DEBUG 25848 --- [libraryapi] [main] i.g.g.l.LibraryapiApplicationTests       : Running with Spring Boot v3.3.4, Spring v6.1.13
2025-06-25T21:17:36.013-03:00  INFO 25848 --- [libraryapi] [main] i.g.g.l.LibraryapiApplicationTests       : No active profile set, falling back to 1 default profile: "default"
2025-06-25T21:17:36.061-03:00 DEBUG 25848 --- [libraryapi] [main] o.s.w.c.s.GenericWebApplicationContext   : Refreshing org.springframework.web.context.support.GenericWebApplicationContext@127d7908
2025-06-25T21:17:39.244-03:00  INFO 25848 --- [libraryapi] [main] i.g.g.l.config.DatabaseConfiguration     : Iniciando conexão com o banco na URL: jdbc:postgresql://localhost:5432/library
2025-06-25T21:17:39.252-03:00  WARN 25848 --- [libraryapi] [main] com.zaxxer.hikari.HikariConfig           : library-db-pool - idleTimeout is close to or more than maxLifetime, disabling it.
2025-06-25T21:17:45.666-03:00  WARN 25848 --- [libraryapi] [main] JpaBaseConfiguration$JpaWebConfiguration : spring.jpa.open-in-view is enabled by default. Therefore, database queries may be performed during view rendering. Explicitly configure spring.jpa.open-in-view to disable this warning
2025-06-25T21:17:45.716-03:00 TRACE 25848 --- [libraryapi] [main] eGlobalAuthenticationAutowiredConfigurer : Eagerly initializing {authorizationServerConfiguration=io.github.giovanaguedessilva.libraryapi.config.AuthorizationServerConfiguration$$SpringCGLIB$$0@6c96dc5c, securityConfiguration=io.github.giovanaguedessilva.libraryapi.config.SecurityConfiguration$$SpringCGLIB$$0@3ade99bb}
2025-06-25T21:17:45.722-03:00  INFO 25848 --- [libraryapi] [main] eAuthenticationProviderManagerConfigurer : Global AuthenticationManager configured with AuthenticationProvider bean with name customAuthenticationProvider
2025-06-25T21:17:46.383-03:00 DEBUG 25848 --- [libraryapi] [main] s.w.s.m.m.a.RequestMappingHandlerMapping : 21 mappings in 'requestMappingHandlerMapping'
2025-06-25T21:17:46.575-03:00 DEBUG 25848 --- [libraryapi] [main] o.s.w.s.handler.SimpleUrlHandlerMapping  : Patterns [/login] in 'viewControllerHandlerMapping'
2025-06-25T21:17:46.993-03:00 DEBUG 25848 --- [libraryapi] [main] o.s.w.s.handler.SimpleUrlHandlerMapping  : Patterns [/swagger-ui*/*swagger-initializer.js, /swagger-ui*/**] in 'resourceHandlerMapping'
2025-06-25T21:17:49.069-03:00 DEBUG 25848 --- [libraryapi] [main] o.s.s.web.DefaultSecurityFilterChain     : Will secure org.springframework.security.oauth2.server.authorization.config.annotation.web.configurers.OAuth2AuthorizationServerConfigurer$$Lambda/0x000001f458b58ab8@7e762feb with filters: DisableEncodeUrlFilter, WebAsyncManagerIntegrationFilter, SecurityContextHolderFilter, AuthorizationServerContextFilter, HeaderWriterFilter, CsrfFilter, OidcLogoutEndpointFilter, LogoutFilter, OAuth2AuthorizationServerMetadataEndpointFilter, OAuth2AuthorizationEndpointFilter, OAuth2DeviceVerificationEndpointFilter, OidcProviderConfigurationEndpointFilter, NimbusJwkSetEndpointFilter, OAuth2ClientAuthenticationFilter, UsernamePasswordAuthenticationFilter, BearerTokenAuthenticationFilter, RequestCacheAwareFilter, SecurityContextHolderAwareRequestFilter, AnonymousAuthenticationFilter, ExceptionTranslationFilter, AuthorizationFilter, OAuth2TokenEndpointFilter, OAuth2TokenIntrospectionEndpointFilter, OAuth2TokenRevocationEndpointFilter, OAuth2DeviceAuthorizationEndpointFilter, OidcUserInfoEndpointFilter
2025-06-25T21:17:49.288-03:00 DEBUG 25848 --- [libraryapi] [main] o.s.s.web.DefaultSecurityFilterChain     : Will secure any request with filters: DisableEncodeUrlFilter, WebAsyncManagerIntegrationFilter, SecurityContextHolderFilter, HeaderWriterFilter, LogoutFilter, OAuth2AuthorizationRequestRedirectFilter, OAuth2LoginAuthenticationFilter, UsernamePasswordAuthenticationFilter, BearerTokenAuthenticationFilter, JwtCustomAuthenticationFilter, RequestCacheAwareFilter, SecurityContextHolderAwareRequestFilter, AnonymousAuthenticationFilter, ExceptionTranslationFilter, AuthorizationFilter
2025-06-25T21:17:49.379-03:00  WARN 25848 --- [libraryapi] [main] o.s.s.c.a.web.builders.WebSecurity       : You are asking Spring Security to ignore Deferred [Mvc [pattern='/v2/api-docs/**'], Ant [pattern='/v2/api-docs/**']]. This is not recommended -- please use permitAll via HttpSecurity#authorizeHttpRequests instead.
2025-06-25T21:17:49.380-03:00 DEBUG 25848 --- [libraryapi] [main] o.s.s.web.DefaultSecurityFilterChain     : Will not secure Deferred [Mvc [pattern='/v2/api-docs/**'], Ant [pattern='/v2/api-docs/**']]
2025-06-25T21:17:49.381-03:00  WARN 25848 --- [libraryapi] [main] o.s.s.c.a.web.builders.WebSecurity       : You are asking Spring Security to ignore Deferred [Mvc [pattern='/v3/api-docs/**'], Ant [pattern='/v3/api-docs/**']]. This is not recommended -- please use permitAll via HttpSecurity#authorizeHttpRequests instead.
2025-06-25T21:17:49.382-03:00 DEBUG 25848 --- [libraryapi] [main] o.s.s.web.DefaultSecurityFilterChain     : Will not secure Deferred [Mvc [pattern='/v3/api-docs/**'], Ant [pattern='/v3/api-docs/**']]
2025-06-25T21:17:49.384-03:00  WARN 25848 --- [libraryapi] [main] o.s.s.c.a.web.builders.WebSecurity       : You are asking Spring Security to ignore Deferred [Mvc [pattern='/swagger-resources/**'], Ant [pattern='/swagger-resources/**']]. This is not recommended -- please use permitAll via HttpSecurity#authorizeHttpRequests instead.
2025-06-25T21:17:49.384-03:00 DEBUG 25848 --- [libraryapi] [main] o.s.s.web.DefaultSecurityFilterChain     : Will not secure Deferred [Mvc [pattern='/swagger-resources/**'], Ant [pattern='/swagger-resources/**']]
2025-06-25T21:17:49.385-03:00  WARN 25848 --- [libraryapi] [main] o.s.s.c.a.web.builders.WebSecurity       : You are asking Spring Security to ignore Deferred [Mvc [pattern='/swagger-ui.html'], Ant [pattern='/swagger-ui.html']]. This is not recommended -- please use permitAll via HttpSecurity#authorizeHttpRequests instead.
2025-06-25T21:17:49.385-03:00 DEBUG 25848 --- [libraryapi] [main] o.s.s.web.DefaultSecurityFilterChain     : Will not secure Deferred [Mvc [pattern='/swagger-ui.html'], Ant [pattern='/swagger-ui.html']]
2025-06-25T21:17:49.388-03:00  WARN 25848 --- [libraryapi] [main] o.s.s.c.a.web.builders.WebSecurity       : You are asking Spring Security to ignore Deferred [Mvc [pattern='/swagger-ui/**'], Ant [pattern='/swagger-ui/**']]. This is not recommended -- please use permitAll via HttpSecurity#authorizeHttpRequests instead.
2025-06-25T21:17:49.389-03:00 DEBUG 25848 --- [libraryapi] [main] o.s.s.web.DefaultSecurityFilterChain     : Will not secure Deferred [Mvc [pattern='/swagger-ui/**'], Ant [pattern='/swagger-ui/**']]
2025-06-25T21:17:49.390-03:00  WARN 25848 --- [libraryapi] [main] o.s.s.c.a.web.builders.WebSecurity       : You are asking Spring Security to ignore Deferred [Mvc [pattern='/webjars/**'], Ant [pattern='/webjars/**']]. This is not recommended -- please use permitAll via HttpSecurity#authorizeHttpRequests instead.
2025-06-25T21:17:49.390-03:00 DEBUG 25848 --- [libraryapi] [main] o.s.s.web.DefaultSecurityFilterChain     : Will not secure Deferred [Mvc [pattern='/webjars/**'], Ant [pattern='/webjars/**']]
2025-06-25T21:17:49.390-03:00  WARN 25848 --- [libraryapi] [main] o.s.s.c.a.web.builders.WebSecurity       : You are asking Spring Security to ignore Deferred [Mvc [pattern='/actuator/**'], Ant [pattern='/actuator/**']]. This is not recommended -- please use permitAll via HttpSecurity#authorizeHttpRequests instead.
2025-06-25T21:17:49.390-03:00 DEBUG 25848 --- [libraryapi] [main] o.s.s.web.DefaultSecurityFilterChain     : Will not secure Deferred [Mvc [pattern='/actuator/**'], Ant [pattern='/actuator/**']]
2025-06-25T21:17:49.800-03:00 DEBUG 25848 --- [libraryapi] [main] s.w.s.m.m.a.RequestMappingHandlerAdapter : ControllerAdvice beans: 0 @ModelAttribute, 0 @InitBinder, 1 RequestBodyAdvice, 1 ResponseBodyAdvice
2025-06-25T21:17:50.085-03:00 DEBUG 25848 --- [libraryapi] [main] .m.m.a.ExceptionHandlerExceptionResolver : ControllerAdvice beans: 2 @ExceptionHandler, 1 ResponseBodyAdvice
2025-06-25T21:17:51.345-03:00  INFO 25848 --- [libraryapi] [main] i.g.g.l.LibraryapiApplicationTests       : Started LibraryapiApplicationTests in 15.87 seconds (process running for 17.554)
2025-06-25T21:17:52.237-03:00 DEBUG 25848 --- [libraryapi] [SpringApplicationShutdownHook] o.s.w.c.s.GenericWebApplicationContext   : Closing org.springframework.web.context.support.GenericWebApplicationContext@127d7908, started on Wed Jun 25 21:17:36 BRT 2025
